# JRE version: Java(TM) SE Runtime Environment (8.0_91-b14) (build 1.8.0_91-b14)
# Java VM: Java HotSpot(TM) 64-Bit Server VM (25.91-b14 mixed mode windows-amd64 compressed oops)
Heap:
 PSYoungGen      total 508928K, used 115276K [0x00000000d5580000, 0x00000000fef00000, 0x0000000100000000)
  eden space 338432K, 19% used [0x00000000d5580000,0x00000000d94d8a80,0x00000000ea000000)
  from space 170496K, 29% used [0x00000000ea000000,0x00000000ed13a7c0,0x00000000f4680000)
  to   space 162816K, 0% used [0x00000000f5000000,0x00000000f5000000,0x00000000fef00000)
 ParOldGen       total 293376K, used 93864K [0x0000000080000000, 0x0000000091e80000, 0x00000000d5580000)
  object space 293376K, 31% used [0x0000000080000000,0x0000000085baa188,0x0000000091e80000)
 Metaspace       used 299250K, capacity 308326K, committed 309120K, reserved 1318912K
  class space    used 36958K, capacity 38691K, committed 38784K, reserved 1048576K
GC Heap History (10 events):
Event: 11155.604 GC heap before
{Heap before GC invocations=60 (full 7):
 PSYoungGen      total 509952K, used 354570K [0x00000000d5580000, 0x00000000ffc00000, 0x0000000100000000)
  eden space 326144K, 100% used [0x00000000d5580000,0x00000000e9400000,0x00000000e9400000)
  from space 183808K, 15% used [0x00000000f4880000,0x00000000f6442960,0x00000000ffc00000)
  to   space 184320K, 0% used [0x00000000e9400000,0x00000000e9400000,0x00000000f4800000)
 ParOldGen       total 293376K, used 93824K [0x0000000080000000, 0x0000000091e80000, 0x00000000d5580000)
  object space 293376K, 31% used [0x0000000080000000,0x0000000085ba0188,0x0000000091e80000)
 Metaspace       used 287301K, capacity 295950K, committed 297600K, reserved 1308672K
  class space    used 35579K, capacity 37237K, committed 37504K, reserved 1048576K
Event: 11155.726 GC heap after
Heap after GC invocations=60 (full 7):
 PSYoungGen      total 510464K, used 107272K [0x00000000d5580000, 0x0000000100000000, 0x0000000100000000)
  eden space 326144K, 0% used [0x00000000d5580000,0x00000000d5580000,0x00000000e9400000)
  from space 184320K, 58% used [0x00000000e9400000,0x00000000efcc2068,0x00000000f4800000)
  to   space 185856K, 0% used [0x00000000f4a80000,0x00000000f4a80000,0x0000000100000000)
 ParOldGen       total 293376K, used 93832K [0x0000000080000000, 0x0000000091e80000, 0x00000000d5580000)
  object space 293376K, 31% used [0x0000000080000000,0x0000000085ba2188,0x0000000091e80000)
 Metaspace       used 287301K, capacity 295950K, committed 297600K, reserved 1308672K
  class space    used 35579K, capacity 37237K, committed 37504K, reserved 1048576K
}
Event: 11167.820 GC heap before
{Heap before GC invocations=61 (full 7):
 PSYoungGen      total 510464K, used 433416K [0x00000000d5580000, 0x0000000100000000, 0x0000000100000000)
  eden space 326144K, 100% used [0x00000000d5580000,0x00000000e9400000,0x00000000e9400000)
  from space 184320K, 58% used [0x00000000e9400000,0x00000000efcc2068,0x00000000f4800000)
  to   space 185856K, 0% used [0x00000000f4a80000,0x00000000f4a80000,0x0000000100000000)
 ParOldGen       total 293376K, used 93832K [0x0000000080000000, 0x0000000091e80000, 0x00000000d5580000)
  object space 293376K, 31% used [0x0000000080000000,0x0000000085ba2188,0x0000000091e80000)
 Metaspace       used 287691K, capacity 296390K, committed 298240K, reserved 1310720K
  class space    used 35604K, capacity 37273K, committed 37632K, reserved 1048576K
Event: 11167.835 GC heap after
Heap after GC invocations=61 (full 7):
 PSYoungGen      total 508928K, used 32875K [0x00000000d5580000, 0x00000000ffa80000, 0x0000000100000000)
  eden space 328704K, 0% used [0x00000000d5580000,0x00000000d5580000,0x00000000e9680000)
  from space 180224K, 18% used [0x00000000f4a80000,0x00000000f6a9af68,0x00000000ffa80000)
  to   space 182272K, 0% used [0x00000000e9680000,0x00000000e9680000,0x00000000f4880000)
 ParOldGen       total 293376K, used 93840K [0x0000000080000000, 0x0000000091e80000, 0x00000000d5580000)
  object space 293376K, 31% used [0x0000000080000000,0x0000000085ba4188,0x0000000091e80000)
 Metaspace       used 287691K, capacity 296390K, committed 298240K, reserved 1310720K
  class space    used 35604K, capacity 37273K, committed 37632K, reserved 1048576K
}
Event: 11169.072 GC heap before
{Heap before GC invocations=62 (full 7):
 PSYoungGen      total 508928K, used 361579K [0x00000000d5580000, 0x00000000ffa80000, 0x0000000100000000)
  eden space 328704K, 100% used [0x00000000d5580000,0x00000000e9680000,0x00000000e9680000)
  from space 180224K, 18% used [0x00000000f4a80000,0x00000000f6a9af68,0x00000000ffa80000)
  to   space 182272K, 0% used [0x00000000e9680000,0x00000000e9680000,0x00000000f4880000)
 ParOldGen       total 293376K, used 93840K [0x0000000080000000, 0x0000000091e80000, 0x00000000d5580000)
  object space 293376K, 31% used [0x0000000080000000,0x0000000085ba4188,0x0000000091e80000)
 Metaspace       used 288608K, capacity 297348K, committed 298752K, reserved 1310720K
  class space    used 35722K, capacity 37396K, committed 37632K, reserved 1048576K
Event: 11169.132 GC heap after
Heap after GC invocations=62 (full 7):
 PSYoungGen      total 392192K, used 63244K [0x00000000d5580000, 0x00000000fef00000, 0x0000000100000000)
  eden space 328704K, 0% used [0x00000000d5580000,0x00000000d5580000,0x00000000e9680000)
  from space 63488K, 99% used [0x00000000e9680000,0x00000000ed443080,0x00000000ed480000)
  to   space 172544K, 0% used [0x00000000f4680000,0x00000000f4680000,0x00000000fef00000)
 ParOldGen       total 293376K, used 93848K [0x0000000080000000, 0x0000000091e80000, 0x00000000d5580000)
  object space 293376K, 31% used [0x0000000080000000,0x0000000085ba6188,0x0000000091e80000)
 Metaspace       used 288608K, capacity 297348K, committed 298752K, reserved 1310720K
  class space    used 35722K, capacity 37396K, committed 37632K, reserved 1048576K
}
Event: 11313.854 GC heap before
{Heap before GC invocations=63 (full 7):
 PSYoungGen      total 392192K, used 391948K [0x00000000d5580000, 0x00000000fef00000, 0x0000000100000000)
  eden space 328704K, 100% used [0x00000000d5580000,0x00000000e9680000,0x00000000e9680000)
  from space 63488K, 99% used [0x00000000e9680000,0x00000000ed443080,0x00000000ed480000)
  to   space 172544K, 0% used [0x00000000f4680000,0x00000000f4680000,0x00000000fef00000)
 ParOldGen       total 293376K, used 93848K [0x0000000080000000, 0x0000000091e80000, 0x00000000d5580000)
  object space 293376K, 31% used [0x0000000080000000,0x0000000085ba6188,0x0000000091e80000)
 Metaspace       used 289166K, capacity 298084K, committed 299008K, reserved 1310720K
  class space    used 35812K, capacity 37522K, committed 37632K, reserved 1048576K
Event: 11313.870 GC heap after
Heap after GC invocations=63 (full 7):
 PSYoungGen      total 510976K, used 22282K [0x00000000d5580000, 0x00000000ffc00000, 0x0000000100000000)
  eden space 338432K, 0% used [0x00000000d5580000,0x00000000d5580000,0x00000000ea000000)
  from space 172544K, 12% used [0x00000000f4680000,0x00000000f5c42a18,0x00000000fef00000)
  to   space 170496K, 0% used [0x00000000ea000000,0x00000000ea000000,0x00000000f4680000)
 ParOldGen       total 293376K, used 93856K [0x0000000080000000, 0x0000000091e80000, 0x00000000d5580000)
  object space 293376K, 31% used [0x0000000080000000,0x0000000085ba8188,0x0000000091e80000)
 Metaspace       used 289166K, capacity 298084K, committed 299008K, reserved 1310720K
  class space    used 35812K, capacity 37522K, committed 37632K, reserved 1048576K
}
Event: 11316.580 GC heap before
{Heap before GC invocations=64 (full 7):
 PSYoungGen      total 510976K, used 360714K [0x00000000d5580000, 0x00000000ffc00000, 0x0000000100000000)
  eden space 338432K, 100% used [0x00000000d5580000,0x00000000ea000000,0x00000000ea000000)
  from space 172544K, 12% used [0x00000000f4680000,0x00000000f5c42a18,0x00000000fef00000)
  to   space 170496K, 0% used [0x00000000ea000000,0x00000000ea000000,0x00000000f4680000)
 ParOldGen       total 293376K, used 93856K [0x0000000080000000, 0x0000000091e80000, 0x00000000d5580000)
  object space 293376K, 31% used [0x0000000080000000,0x0000000085ba8188,0x0000000091e80000)
 Metaspace       used 294955K, capacity 303996K, committed 305024K, reserved 1316864K
  class space    used 36404K, capacity 38144K, committed 38272K, reserved 1048576K
Event: 11316.602 GC heap after
Heap after GC invocations=64 (full 7):
 PSYoungGen      total 508928K, used 50409K [0x00000000d5580000, 0x00000000fef00000, 0x0000000100000000)
  eden space 338432K, 0% used [0x00000000d5580000,0x00000000d5580000,0x00000000ea000000)
  from space 170496K, 29% used [0x00000000ea000000,0x00000000ed13a7c0,0x00000000f4680000)
  to   space 162816K, 0% used [0x00000000f5000000,0x00000000f5000000,0x00000000fef00000)
 ParOldGen       total 293376K, used 93864K [0x0000000080000000, 0x0000000091e80000, 0x00000000d5580000)
  object space 293376K, 31% used [0x0000000080000000,0x0000000085baa188,0x0000000091e80000)
 Metaspace       used 294955K, capacity 303996K, committed 305024K, reserved 1316864K
  class space    used 36404K, capacity 38144K, committed 38272K, reserved 1048576K
}

