# JRE version: Java(TM) SE Runtime Environment (8.0_91-b14) (build 1.8.0_91-b14)
# Java VM: Java HotSpot(TM) 64-Bit Server VM (25.91-b14 mixed mode windows-amd64 compressed oops)
Heap:
 PSYoungGen      total 180736K, used 26173K [0x00000000d5d00000, 0x00000000e4780000, 0x0000000100000000)
  eden space 144896K, 4% used [0x00000000d5d00000,0x00000000d62b3930,0x00000000dea80000)
  from space 35840K, 56% used [0x00000000e1600000,0x00000000e29dbd40,0x00000000e3900000)
  to   space 44544K, 0% used [0x00000000dea80000,0x00000000dea80000,0x00000000e1600000)
 ParOldGen       total 140800K, used 72051K [0x0000000081600000, 0x0000000089f80000, 0x00000000d5d00000)
  object space 140800K, 51% used [0x0000000081600000,0x0000000085c5ce20,0x0000000089f80000)
 Metaspace       used 68043K, capacity 69532K, committed 69760K, reserved 1110016K
  class space    used 7937K, capacity 8292K, committed 8320K, reserved 1048576K
GC Heap History (10 events):
Event: 5.364 GC heap before
{Heap before GC invocations=9 (full 2):
 PSYoungGen      total 138240K, used 138220K [0x00000000d5d00000, 0x00000000e2f00000, 0x0000000100000000)
  eden space 116736K, 100% used [0x00000000d5d00000,0x00000000dcf00000,0x00000000dcf00000)
  from space 21504K, 99% used [0x00000000de980000,0x00000000dfe7b060,0x00000000dfe80000)
  to   space 27136K, 0% used [0x00000000dcf00000,0x00000000dcf00000,0x00000000de980000)
 ParOldGen       total 140800K, used 37775K [0x0000000081600000, 0x0000000089f80000, 0x00000000d5d00000)
  object space 140800K, 26% used [0x0000000081600000,0x0000000083ae3ec8,0x0000000089f80000)
 Metaspace       used 53343K, capacity 54454K, committed 54656K, reserved 1097728K
  class space    used 6633K, capacity 6927K, committed 7040K, reserved 1048576K
Event: 5.401 GC heap after
Heap after GC invocations=9 (full 2):
 PSYoungGen      total 143872K, used 27121K [0x00000000d5d00000, 0x00000000e3900000, 0x0000000100000000)
  eden space 116736K, 0% used [0x00000000d5d00000,0x00000000d5d00000,0x00000000dcf00000)
  from space 27136K, 99% used [0x00000000dcf00000,0x00000000de97c600,0x00000000de980000)
  to   space 35840K, 0% used [0x00000000e1600000,0x00000000e1600000,0x00000000e3900000)
 ParOldGen       total 140800K, used 46855K [0x0000000081600000, 0x0000000089f80000, 0x00000000d5d00000)
  object space 140800K, 33% used [0x0000000081600000,0x00000000843c1fb0,0x0000000089f80000)
 Metaspace       used 53343K, capacity 54454K, committed 54656K, reserved 1097728K
  class space    used 6633K, capacity 6927K, committed 7040K, reserved 1048576K
}
Event: 8.468 GC heap before
{Heap before GC invocations=10 (full 2):
 PSYoungGen      total 143872K, used 143857K [0x00000000d5d00000, 0x00000000e3900000, 0x0000000100000000)
  eden space 116736K, 100% used [0x00000000d5d00000,0x00000000dcf00000,0x00000000dcf00000)
  from space 27136K, 99% used [0x00000000dcf00000,0x00000000de97c600,0x00000000de980000)
  to   space 35840K, 0% used [0x00000000e1600000,0x00000000e1600000,0x00000000e3900000)
 ParOldGen       total 140800K, used 46855K [0x0000000081600000, 0x0000000089f80000, 0x00000000d5d00000)
  object space 140800K, 33% used [0x0000000081600000,0x00000000843c1fb0,0x0000000089f80000)
 Metaspace       used 57305K, capacity 58432K, committed 58624K, reserved 1101824K
  class space    used 6857K, capacity 7154K, committed 7168K, reserved 1048576K
Event: 8.507 GC heap after
Heap after GC invocations=10 (full 2):
 PSYoungGen      total 180736K, used 35818K [0x00000000d5d00000, 0x00000000e4780000, 0x0000000100000000)
  eden space 144896K, 0% used [0x00000000d5d00000,0x00000000d5d00000,0x00000000dea80000)
  from space 35840K, 99% used [0x00000000e1600000,0x00000000e38fab90,0x00000000e3900000)
  to   space 44544K, 0% used [0x00000000dea80000,0x00000000dea80000,0x00000000e1600000)
 ParOldGen       total 140800K, used 54403K [0x0000000081600000, 0x0000000089f80000, 0x00000000d5d00000)
  object space 140800K, 38% used [0x0000000081600000,0x0000000084b20e30,0x0000000089f80000)
 Metaspace       used 57305K, capacity 58432K, committed 58624K, reserved 1101824K
  class space    used 6857K, capacity 7154K, committed 7168K, reserved 1048576K
}
Event: 8.899 GC heap before
{Heap before GC invocations=11 (full 2):
 PSYoungGen      total 180736K, used 55911K [0x00000000d5d00000, 0x00000000e4780000, 0x0000000100000000)
  eden space 144896K, 13% used [0x00000000d5d00000,0x00000000d709f440,0x00000000dea80000)
  from space 35840K, 99% used [0x00000000e1600000,0x00000000e38fab90,0x00000000e3900000)
  to   space 44544K, 0% used [0x00000000dea80000,0x00000000dea80000,0x00000000e1600000)
 ParOldGen       total 140800K, used 54403K [0x0000000081600000, 0x0000000089f80000, 0x00000000d5d00000)
  object space 140800K, 38% used [0x0000000081600000,0x0000000084b20e30,0x0000000089f80000)
 Metaspace       used 57779K, capacity 58980K, committed 59096K, reserved 1101824K
  class space    used 6909K, capacity 7198K, committed 7296K, reserved 1048576K
Event: 8.938 GC heap after
Heap after GC invocations=11 (full 2):
 PSYoungGen      total 189440K, used 26206K [0x00000000d5d00000, 0x00000000e4780000, 0x0000000100000000)
  eden space 144896K, 0% used [0x00000000d5d00000,0x00000000d5d00000,0x00000000dea80000)
  from space 44544K, 58% used [0x00000000dea80000,0x00000000e0417aa8,0x00000000e1600000)
  to   space 35840K, 0% used [0x00000000e1600000,0x00000000e1600000,0x00000000e3900000)
 ParOldGen       total 140800K, used 66215K [0x0000000081600000, 0x0000000089f80000, 0x00000000d5d00000)
  object space 140800K, 47% used [0x0000000081600000,0x00000000856a9f80,0x0000000089f80000)
 Metaspace       used 57779K, capacity 58980K, committed 59096K, reserved 1101824K
  class space    used 6909K, capacity 7198K, committed 7296K, reserved 1048576K
}
Event: 8.938 GC heap before
{Heap before GC invocations=12 (full 3):
 PSYoungGen      total 189440K, used 26206K [0x00000000d5d00000, 0x00000000e4780000, 0x0000000100000000)
  eden space 144896K, 0% used [0x00000000d5d00000,0x00000000d5d00000,0x00000000dea80000)
  from space 44544K, 58% used [0x00000000dea80000,0x00000000e0417aa8,0x00000000e1600000)
  to   space 35840K, 0% used [0x00000000e1600000,0x00000000e1600000,0x00000000e3900000)
 ParOldGen       total 140800K, used 66215K [0x0000000081600000, 0x0000000089f80000, 0x00000000d5d00000)
  object space 140800K, 47% used [0x0000000081600000,0x00000000856a9f80,0x0000000089f80000)
 Metaspace       used 57779K, capacity 58980K, committed 59096K, reserved 1101824K
  class space    used 6909K, capacity 7198K, committed 7296K, reserved 1048576K
Event: 9.217 GC heap after
Heap after GC invocations=12 (full 3):
 PSYoungGen      total 189440K, used 0K [0x00000000d5d00000, 0x00000000e4780000, 0x0000000100000000)
  eden space 144896K, 0% used [0x00000000d5d00000,0x00000000d5d00000,0x00000000dea80000)
  from space 44544K, 0% used [0x00000000dea80000,0x00000000dea80000,0x00000000e1600000)
  to   space 35840K, 0% used [0x00000000e1600000,0x00000000e1600000,0x00000000e3900000)
 ParOldGen       total 140800K, used 72043K [0x0000000081600000, 0x0000000089f80000, 0x00000000d5d00000)
  object space 140800K, 51% used [0x0000000081600000,0x0000000085c5ae20,0x0000000089f80000)
 Metaspace       used 57779K, capacity 58980K, committed 59096K, reserved 1101824K
  class space    used 6909K, capacity 7198K, committed 7296K, reserved 1048576K
}
Event: 12.345 GC heap before
{Heap before GC invocations=13 (full 3):
 PSYoungGen      total 189440K, used 144896K [0x00000000d5d00000, 0x00000000e4780000, 0x0000000100000000)
  eden space 144896K, 100% used [0x00000000d5d00000,0x00000000dea80000,0x00000000dea80000)
  from space 44544K, 0% used [0x00000000dea80000,0x00000000dea80000,0x00000000e1600000)
  to   space 35840K, 0% used [0x00000000e1600000,0x00000000e1600000,0x00000000e3900000)
 ParOldGen       total 140800K, used 72043K [0x0000000081600000, 0x0000000089f80000, 0x00000000d5d00000)
  object space 140800K, 51% used [0x0000000081600000,0x0000000085c5ae20,0x0000000089f80000)
 Metaspace       used 67775K, capacity 69212K, committed 69504K, reserved 1110016K
  class space    used 7916K, capacity 8278K, committed 8320K, reserved 1048576K
Event: 12.363 GC heap after
Heap after GC invocations=13 (full 3):
 PSYoungGen      total 180736K, used 20335K [0x00000000d5d00000, 0x00000000e4780000, 0x0000000100000000)
  eden space 144896K, 0% used [0x00000000d5d00000,0x00000000d5d00000,0x00000000dea80000)
  from space 35840K, 56% used [0x00000000e1600000,0x00000000e29dbd40,0x00000000e3900000)
  to   space 44544K, 0% used [0x00000000dea80000,0x00000000dea80000,0x00000000e1600000)
 ParOldGen       total 140800K, used 72051K [0x0000000081600000, 0x0000000089f80000, 0x00000000d5d00000)
  object space 140800K, 51% used [0x0000000081600000,0x0000000085c5ce20,0x0000000089f80000)
 Metaspace       used 67775K, capacity 69212K, committed 69504K, reserved 1110016K
  class space    used 7916K, capacity 8278K, committed 8320K, reserved 1048576K
}

