# JRE version: OpenJDK Runtime Environment (11.0.8+10) (build 11.0.8+10-b944.6842174)
# Java VM: OpenJDK 64-Bit Server VM (11.0.8+10-b944.6842174, mixed mode, tiered, compressed oops, g1 gc, windows-amd64)
Heap:
 garbage-first heap   total 663552K, used 271300K [0x0000000080000000, 0x0000000100000000)
  region size 1024K, 2 young (2048K), 2 survivors (2048K)
 Metaspace       used 131647K, capacity 135088K, committed 135376K, reserved 1167360K
  class space    used 16181K, capacity 17455K, committed 17536K, reserved 1048576K
GC Heap History (20 events):
Event: 1605.696 GC heap after
{Heap after GC invocations=84 (full 0):
 garbage-first heap   total 193536K, used 182723K [0x0000000080000000, 0x0000000100000000)
  region size 1024K, 2 young (2048K), 2 survivors (2048K)
 Metaspace       used 127898K, capacity 131339K, committed 131536K, reserved 1163264K
  class space    used 15723K, capacity 16982K, committed 17024K, reserved 1048576K
}
Event: 1605.795 GC heap before
{Heap before GC invocations=84 (full 0):
 garbage-first heap   total 193536K, used 189891K [0x0000000080000000, 0x0000000100000000)
  region size 1024K, 9 young (9216K), 2 survivors (2048K)
 Metaspace       used 129002K, capacity 132497K, committed 132816K, reserved 1165312K
  class space    used 15902K, capacity 17175K, committed 17280K, reserved 1048576K
}
Event: 1605.804 GC heap after
{Heap after GC invocations=85 (full 0):
 garbage-first heap   total 233472K, used 182422K [0x0000000080000000, 0x0000000100000000)
  region size 1024K, 2 young (2048K), 2 survivors (2048K)
 Metaspace       used 129002K, capacity 132497K, committed 132816K, reserved 1165312K
  class space    used 15902K, capacity 17175K, committed 17280K, reserved 1048576K
}
Event: 1606.136 GC heap before
{Heap before GC invocations=85 (full 0):
 garbage-first heap   total 233472K, used 193686K [0x0000000080000000, 0x0000000100000000)
  region size 1024K, 12 young (12288K), 2 survivors (2048K)
 Metaspace       used 130532K, capacity 134005K, committed 134224K, reserved 1167360K
  class space    used 16103K, capacity 17379K, committed 17408K, reserved 1048576K
}
Event: 1606.140 GC heap after
{Heap after GC invocations=86 (full 0):
 garbage-first heap   total 233472K, used 185059K [0x0000000080000000, 0x0000000100000000)
  region size 1024K, 2 young (2048K), 2 survivors (2048K)
 Metaspace       used 130532K, capacity 134005K, committed 134224K, reserved 1167360K
  class space    used 16103K, capacity 17379K, committed 17408K, reserved 1048576K
}
Event: 1606.326 GC heap before
{Heap before GC invocations=86 (full 0):
 garbage-first heap   total 233472K, used 196323K [0x0000000080000000, 0x0000000100000000)
  region size 1024K, 13 young (13312K), 2 survivors (2048K)
 Metaspace       used 131391K, capacity 134932K, committed 135120K, reserved 1167360K
  class space    used 16175K, capacity 17452K, committed 17536K, reserved 1048576K
}
Event: 1606.331 GC heap after
{Heap after GC invocations=87 (full 0):
 garbage-first heap   total 233472K, used 186438K [0x0000000080000000, 0x0000000100000000)
  region size 1024K, 2 young (2048K), 2 survivors (2048K)
 Metaspace       used 131391K, capacity 134932K, committed 135120K, reserved 1167360K
  class space    used 16175K, capacity 17452K, committed 17536K, reserved 1048576K
}
Event: 1606.386 GC heap before
{Heap before GC invocations=88 (full 0):
 garbage-first heap   total 233472K, used 196678K [0x0000000080000000, 0x0000000100000000)
  region size 1024K, 13 young (13312K), 2 survivors (2048K)
 Metaspace       used 131424K, capacity 134934K, committed 135120K, reserved 1167360K
  class space    used 16175K, capacity 17452K, committed 17536K, reserved 1048576K
}
Event: 1606.391 GC heap after
{Heap after GC invocations=89 (full 0):
 garbage-first heap   total 233472K, used 194529K [0x0000000080000000, 0x0000000100000000)
  region size 1024K, 2 young (2048K), 2 survivors (2048K)
 Metaspace       used 131424K, capacity 134934K, committed 135120K, reserved 1167360K
  class space    used 16175K, capacity 17452K, committed 17536K, reserved 1048576K
}
Event: 1606.414 GC heap before
{Heap before GC invocations=89 (full 0):
 garbage-first heap   total 233472K, used 203745K [0x0000000080000000, 0x0000000100000000)
  region size 1024K, 11 young (11264K), 2 survivors (2048K)
 Metaspace       used 131424K, capacity 134934K, committed 135120K, reserved 1167360K
  class space    used 16175K, capacity 17452K, committed 17536K, reserved 1048576K
}
Event: 1606.424 GC heap after
{Heap after GC invocations=90 (full 0):
 garbage-first heap   total 233472K, used 200704K [0x0000000080000000, 0x0000000100000000)
  region size 1024K, 2 young (2048K), 2 survivors (2048K)
 Metaspace       used 131424K, capacity 134934K, committed 135120K, reserved 1167360K
  class space    used 16175K, capacity 17452K, committed 17536K, reserved 1048576K
}
Event: 1606.436 GC heap before
{Heap before GC invocations=90 (full 0):
 garbage-first heap   total 233472K, used 208896K [0x0000000080000000, 0x0000000100000000)
  region size 1024K, 11 young (11264K), 2 survivors (2048K)
 Metaspace       used 131425K, capacity 134934K, committed 135120K, reserved 1167360K
  class space    used 16175K, capacity 17452K, committed 17536K, reserved 1048576K
}
Event: 1606.445 GC heap after
{Heap after GC invocations=91 (full 0):
 garbage-first heap   total 331776K, used 208896K [0x0000000080000000, 0x0000000100000000)
  region size 1024K, 2 young (2048K), 2 survivors (2048K)
 Metaspace       used 131425K, capacity 134934K, committed 135120K, reserved 1167360K
  class space    used 16175K, capacity 17452K, committed 17536K, reserved 1048576K
}
Event: 1606.567 GC heap before
{Heap before GC invocations=91 (full 0):
 garbage-first heap   total 331776K, used 241664K [0x0000000080000000, 0x0000000100000000)
  region size 1024K, 34 young (34816K), 2 survivors (2048K)
 Metaspace       used 131502K, capacity 135004K, committed 135120K, reserved 1167360K
  class space    used 16175K, capacity 17452K, committed 17536K, reserved 1048576K
}
Event: 1606.586 GC heap after
{Heap after GC invocations=92 (full 0):
 garbage-first heap   total 331776K, used 233680K [0x0000000080000000, 0x0000000100000000)
  region size 1024K, 5 young (5120K), 5 survivors (5120K)
 Metaspace       used 131502K, capacity 135004K, committed 135120K, reserved 1167360K
  class space    used 16175K, capacity 17452K, committed 17536K, reserved 1048576K
}
Event: 1606.629 GC heap before
{Heap before GC invocations=92 (full 0):
 garbage-first heap   total 331776K, used 256208K [0x0000000080000000, 0x0000000100000000)
  region size 1024K, 27 young (27648K), 5 survivors (5120K)
 Metaspace       used 131502K, capacity 135004K, committed 135120K, reserved 1167360K
  class space    used 16175K, capacity 17452K, committed 17536K, reserved 1048576K
}
Event: 1606.645 GC heap after
{Heap after GC invocations=93 (full 0):
 garbage-first heap   total 331776K, used 254823K [0x0000000080000000, 0x0000000100000000)
  region size 1024K, 4 young (4096K), 4 survivors (4096K)
 Metaspace       used 131502K, capacity 135004K, committed 135120K, reserved 1167360K
  class space    used 16175K, capacity 17452K, committed 17536K, reserved 1048576K
}
Event: 1606.676 GC heap before
{Heap before GC invocations=93 (full 0):
 garbage-first heap   total 331776K, used 269159K [0x0000000080000000, 0x0000000100000000)
  region size 1024K, 18 young (18432K), 4 survivors (4096K)
 Metaspace       used 131502K, capacity 135004K, committed 135120K, reserved 1167360K
  class space    used 16175K, capacity 17452K, committed 17536K, reserved 1048576K
}
Event: 1606.687 GC heap after
{Heap after GC invocations=94 (full 0):
 garbage-first heap   total 331776K, used 266734K [0x0000000080000000, 0x0000000100000000)
  region size 1024K, 3 young (3072K), 3 survivors (3072K)
 Metaspace       used 131502K, capacity 135004K, committed 135120K, reserved 1167360K
  class space    used 16175K, capacity 17452K, committed 17536K, reserved 1048576K
}
Event: 1607.751 GC heap before
{Heap before GC invocations=95 (full 0):
 garbage-first heap   total 331776K, used 280046K [0x0000000080000000, 0x0000000100000000)
  region size 1024K, 16 young (16384K), 3 survivors (3072K)
 Metaspace       used 131647K, capacity 135088K, committed 135376K, reserved 1167360K
  class space    used 16181K, capacity 17455K, committed 17536K, reserved 1048576K
}

