# JRE version: Java(TM) SE Runtime Environment (8.0_91-b14) (build 1.8.0_91-b14)
# Java VM: Java HotSpot(TM) 64-Bit Server VM (25.91-b14 mixed mode windows-amd64 compressed oops)
Heap:
 PSYoungGen      total 212480K, used 38300K [0x00000000d5d00000, 0x00000000e6200000, 0x0000000100000000)
  eden space 165888K, 10% used [0x00000000d5d00000,0x00000000d6d821b8,0x00000000dff00000)
  from space 46592K, 45% used [0x00000000dff00000,0x00000000e13e5180,0x00000000e2c80000)
  to   space 37888K, 0% used [0x00000000e2c80000,0x00000000e2c80000,0x00000000e5180000)
 ParOldGen       total 135680K, used 73765K [0x0000000081600000, 0x0000000089a80000, 0x00000000d5d00000)
  object space 135680K, 54% used [0x0000000081600000,0x0000000085e09640,0x0000000089a80000)
 Metaspace       used 69046K, capacity 70554K, committed 70808K, reserved 1112064K
  class space    used 7970K, capacity 8329K, committed 8368K, reserved 1048576K
GC Heap History (10 events):
Event: 4.326 GC heap before
{Heap before GC invocations=8 (full 2):
 PSYoungGen      total 138240K, used 133120K [0x00000000d5d00000, 0x00000000e0c80000, 0x0000000100000000)
  eden space 133120K, 100% used [0x00000000d5d00000,0x00000000ddf00000,0x00000000ddf00000)
  from space 5120K, 0% used [0x00000000ddf00000,0x00000000ddf00000,0x00000000de400000)
  to   space 21504K, 0% used [0x00000000df780000,0x00000000df780000,0x00000000e0c80000)
 ParOldGen       total 135680K, used 33659K [0x0000000081600000, 0x0000000089a80000, 0x00000000d5d00000)
  object space 135680K, 24% used [0x0000000081600000,0x00000000836ded68,0x0000000089a80000)
 Metaspace       used 46693K, capacity 47526K, committed 47792K, reserved 1091584K
  class space    used 5721K, capacity 5985K, committed 6064K, reserved 1048576K
Event: 4.346 GC heap after
Heap after GC invocations=8 (full 2):
 PSYoungGen      total 151552K, used 21483K [0x00000000d5d00000, 0x00000000e4500000, 0x0000000100000000)
  eden space 130048K, 0% used [0x00000000d5d00000,0x00000000d5d00000,0x00000000ddc00000)
  from space 21504K, 99% used [0x00000000df780000,0x00000000e0c7aca8,0x00000000e0c80000)
  to   space 28160K, 0% used [0x00000000ddc00000,0x00000000ddc00000,0x00000000df780000)
 ParOldGen       total 135680K, used 40150K [0x0000000081600000, 0x0000000089a80000, 0x00000000d5d00000)
  object space 135680K, 29% used [0x0000000081600000,0x0000000083d35958,0x0000000089a80000)
 Metaspace       used 46693K, capacity 47526K, committed 47792K, reserved 1091584K
  class space    used 5721K, capacity 5985K, committed 6064K, reserved 1048576K
}
Event: 6.980 GC heap before
{Heap before GC invocations=9 (full 2):
 PSYoungGen      total 151552K, used 151531K [0x00000000d5d00000, 0x00000000e4500000, 0x0000000100000000)
  eden space 130048K, 100% used [0x00000000d5d00000,0x00000000ddc00000,0x00000000ddc00000)
  from space 21504K, 99% used [0x00000000df780000,0x00000000e0c7aca8,0x00000000e0c80000)
  to   space 28160K, 0% used [0x00000000ddc00000,0x00000000ddc00000,0x00000000df780000)
 ParOldGen       total 135680K, used 40150K [0x0000000081600000, 0x0000000089a80000, 0x00000000d5d00000)
  object space 135680K, 29% used [0x0000000081600000,0x0000000083d35958,0x0000000089a80000)
 Metaspace       used 55497K, capacity 56638K, committed 56752K, reserved 1099776K
  class space    used 6768K, capacity 7045K, committed 7088K, reserved 1048576K
Event: 7.020 GC heap after
Heap after GC invocations=9 (full 2):
 PSYoungGen      total 158208K, used 28143K [0x00000000d5d00000, 0x00000000e5180000, 0x0000000100000000)
  eden space 130048K, 0% used [0x00000000d5d00000,0x00000000d5d00000,0x00000000ddc00000)
  from space 28160K, 99% used [0x00000000ddc00000,0x00000000df77bfb0,0x00000000df780000)
  to   space 37888K, 0% used [0x00000000e2c80000,0x00000000e2c80000,0x00000000e5180000)
 ParOldGen       total 135680K, used 50947K [0x0000000081600000, 0x0000000089a80000, 0x00000000d5d00000)
  object space 135680K, 37% used [0x0000000081600000,0x00000000847c0d00,0x0000000089a80000)
 Metaspace       used 55497K, capacity 56638K, committed 56752K, reserved 1099776K
  class space    used 6768K, capacity 7045K, committed 7088K, reserved 1048576K
}
Event: 9.860 GC heap before
{Heap before GC invocations=10 (full 2):
 PSYoungGen      total 158208K, used 143898K [0x00000000d5d00000, 0x00000000e5180000, 0x0000000100000000)
  eden space 130048K, 89% used [0x00000000d5d00000,0x00000000dce0a978,0x00000000ddc00000)
  from space 28160K, 99% used [0x00000000ddc00000,0x00000000df77bfb0,0x00000000df780000)
  to   space 37888K, 0% used [0x00000000e2c80000,0x00000000e2c80000,0x00000000e5180000)
 ParOldGen       total 135680K, used 50947K [0x0000000081600000, 0x0000000089a80000, 0x00000000d5d00000)
  object space 135680K, 37% used [0x0000000081600000,0x00000000847c0d00,0x0000000089a80000)
 Metaspace       used 57946K, capacity 59112K, committed 59160K, reserved 1101824K
  class space    used 6910K, capacity 7198K, committed 7216K, reserved 1048576K
Event: 9.917 GC heap after
Heap after GC invocations=10 (full 2):
 PSYoungGen      total 203776K, used 37872K [0x00000000d5d00000, 0x00000000e6200000, 0x0000000100000000)
  eden space 165888K, 0% used [0x00000000d5d00000,0x00000000d5d00000,0x00000000dff00000)
  from space 37888K, 99% used [0x00000000e2c80000,0x00000000e517c3d0,0x00000000e5180000)
  to   space 46592K, 0% used [0x00000000dff00000,0x00000000dff00000,0x00000000e2c80000)
 ParOldGen       total 135680K, used 56476K [0x0000000081600000, 0x0000000089a80000, 0x00000000d5d00000)
  object space 135680K, 41% used [0x0000000081600000,0x0000000084d27198,0x0000000089a80000)
 Metaspace       used 57946K, capacity 59112K, committed 59160K, reserved 1101824K
  class space    used 6910K, capacity 7198K, committed 7216K, reserved 1048576K
}
Event: 9.917 GC heap before
{Heap before GC invocations=11 (full 3):
 PSYoungGen      total 203776K, used 37872K [0x00000000d5d00000, 0x00000000e6200000, 0x0000000100000000)
  eden space 165888K, 0% used [0x00000000d5d00000,0x00000000d5d00000,0x00000000dff00000)
  from space 37888K, 99% used [0x00000000e2c80000,0x00000000e517c3d0,0x00000000e5180000)
  to   space 46592K, 0% used [0x00000000dff00000,0x00000000dff00000,0x00000000e2c80000)
 ParOldGen       total 135680K, used 56476K [0x0000000081600000, 0x0000000089a80000, 0x00000000d5d00000)
  object space 135680K, 41% used [0x0000000081600000,0x0000000084d27198,0x0000000089a80000)
 Metaspace       used 57946K, capacity 59112K, committed 59160K, reserved 1101824K
  class space    used 6910K, capacity 7198K, committed 7216K, reserved 1048576K
Event: 10.254 GC heap after
Heap after GC invocations=11 (full 3):
 PSYoungGen      total 203776K, used 0K [0x00000000d5d00000, 0x00000000e6200000, 0x0000000100000000)
  eden space 165888K, 0% used [0x00000000d5d00000,0x00000000d5d00000,0x00000000dff00000)
  from space 37888K, 0% used [0x00000000e2c80000,0x00000000e2c80000,0x00000000e5180000)
  to   space 46592K, 0% used [0x00000000dff00000,0x00000000dff00000,0x00000000e2c80000)
 ParOldGen       total 135680K, used 73757K [0x0000000081600000, 0x0000000089a80000, 0x00000000d5d00000)
  object space 135680K, 54% used [0x0000000081600000,0x0000000085e07640,0x0000000089a80000)
 Metaspace       used 57946K, capacity 59112K, committed 59160K, reserved 1101824K
  class space    used 6910K, capacity 7198K, committed 7216K, reserved 1048576K
}
Event: 14.204 GC heap before
{Heap before GC invocations=12 (full 3):
 PSYoungGen      total 203776K, used 165888K [0x00000000d5d00000, 0x00000000e6200000, 0x0000000100000000)
  eden space 165888K, 100% used [0x00000000d5d00000,0x00000000dff00000,0x00000000dff00000)
  from space 37888K, 0% used [0x00000000e2c80000,0x00000000e2c80000,0x00000000e5180000)
  to   space 46592K, 0% used [0x00000000dff00000,0x00000000dff00000,0x00000000e2c80000)
 ParOldGen       total 135680K, used 73757K [0x0000000081600000, 0x0000000089a80000, 0x00000000d5d00000)
  object space 135680K, 54% used [0x0000000081600000,0x0000000085e07640,0x0000000089a80000)
 Metaspace       used 68857K, capacity 70362K, committed 70552K, reserved 1112064K
  class space    used 7969K, capacity 8329K, committed 8368K, reserved 1048576K
Event: 14.222 GC heap after
Heap after GC invocations=12 (full 3):
 PSYoungGen      total 212480K, used 21396K [0x00000000d5d00000, 0x00000000e6200000, 0x0000000100000000)
  eden space 165888K, 0% used [0x00000000d5d00000,0x00000000d5d00000,0x00000000dff00000)
  from space 46592K, 45% used [0x00000000dff00000,0x00000000e13e5180,0x00000000e2c80000)
  to   space 37888K, 0% used [0x00000000e2c80000,0x00000000e2c80000,0x00000000e5180000)
 ParOldGen       total 135680K, used 73765K [0x0000000081600000, 0x0000000089a80000, 0x00000000d5d00000)
  object space 135680K, 54% used [0x0000000081600000,0x0000000085e09640,0x0000000089a80000)
 Metaspace       used 68857K, capacity 70362K, committed 70552K, reserved 1112064K
  class space    used 7969K, capacity 8329K, committed 8368K, reserved 1048576K
}

