# JRE version: OpenJDK Runtime Environment (11.0.8+10) (build 11.0.8+10-b944.6842174)
# Java VM: OpenJDK 64-Bit Server VM (11.0.8+10-b944.6842174, mixed mode, tiered, compressed oops, g1 gc, windows-amd64)
Heap:
 garbage-first heap   total 131072K, used 39739K [0x0000000080000000, 0x0000000100000000)
  region size 1024K, 25 young (25600K), 1 survivors (1024K)
 Metaspace       used 23424K, capacity 24035K, committed 24368K, reserved 1071104K
  class space    used 2906K, capacity 3086K, committed 3200K, reserved 1048576K
GC Heap History (6 events):
Event: 1.065 GC heap before
{Heap before GC invocations=0 (full 0):
 garbage-first heap   total 131072K, used 29696K [0x0000000080000000, 0x0000000100000000)
  region size 1024K, 24 young (24576K), 0 survivors (0K)
 Metaspace       used 10813K, capacity 11127K, committed 11264K, reserved 1058816K
  class space    used 1145K, capacity 1201K, committed 1280K, reserved 1048576K
}
Event: 1.069 GC heap after
{Heap after GC invocations=1 (full 0):
 garbage-first heap   total 131072K, used 8452K [0x0000000080000000, 0x0000000100000000)
  region size 1024K, 3 young (3072K), 3 survivors (3072K)
 Metaspace       used 10813K, capacity 11127K, committed 11264K, reserved 1058816K
  class space    used 1145K, capacity 1201K, committed 1280K, reserved 1048576K
}
Event: 3.191 GC heap before
{Heap before GC invocations=1 (full 0):
 garbage-first heap   total 131072K, used 82180K [0x0000000080000000, 0x0000000100000000)
  region size 1024K, 76 young (77824K), 3 survivors (3072K)
 Metaspace       used 19566K, capacity 20028K, committed 20224K, reserved 1067008K
  class space    used 2376K, capacity 2513K, committed 2560K, reserved 1048576K
}
Event: 3.196 GC heap after
{Heap after GC invocations=2 (full 0):
 garbage-first heap   total 131072K, used 15520K [0x0000000080000000, 0x0000000100000000)
  region size 1024K, 10 young (10240K), 10 survivors (10240K)
 Metaspace       used 19566K, capacity 20028K, committed 20224K, reserved 1067008K
  class space    used 2376K, capacity 2513K, committed 2560K, reserved 1048576K
}
Event: 3.239 GC heap before
{Heap before GC invocations=2 (full 0):
 garbage-first heap   total 131072K, used 18592K [0x0000000080000000, 0x0000000100000000)
  region size 1024K, 14 young (14336K), 10 survivors (10240K)
 Metaspace       used 20619K, capacity 21163K, committed 21296K, reserved 1069056K
  class space    used 2432K, capacity 2613K, committed 2688K, reserved 1048576K
}
Event: 3.246 GC heap after
{Heap after GC invocations=3 (full 0):
 garbage-first heap   total 131072K, used 16187K [0x0000000080000000, 0x0000000100000000)
  region size 1024K, 1 young (1024K), 1 survivors (1024K)
 Metaspace       used 20619K, capacity 21163K, committed 21296K, reserved 1069056K
  class space    used 2432K, capacity 2613K, committed 2688K, reserved 1048576K
}

